# 《癸酉续红》现代词汇替换日志
# 执行时间: 2026-03-16 13:07:27
# 任务: P1 现代词汇替换
================================================================================

共修改 7 处:

## 修改 1
- 文件: ch088-draft.md
- 行号: 361
- 原文: 王夫人抬起头来，看着她，眼中满是复杂的神色。她想起自己这些日子对凤姐的所作所为——在邢夫人的压力下，她默许了休弃凤姐的决定。如今想来，心中也是有些愧疚。
- 替换: 王夫人抬起头来，看着她，眼中满是复杂的神色。她想起自己这些日子对凤姐的所作所为——在邢夫人的重压下，她默许了休弃凤姐的决定。如今想来，心中也是有些愧疚。
- 时间: 2026-03-16 13:07:27

## 修改 2
- 文件: ch092-draft.md
- 行号: 390
- 原文: 凤姐笑了笑，从怀里掏出一张纸，铺在桌上："周老板，这是我这几日做的账目分析。您看看，您的绸缎铺子，虽然生意不错，但有不少漏洞。比如进货渠道太单一，比如库存管理不善，比如……"
- 替换: 凤姐笑了笑，从怀里掏出一张纸，铺在桌上："周老板，这是我这几日做的账目思量。您看看，您的绸缎铺子，虽然生意不错，但有不少漏洞。比如进货渠道太单一，比如库存管理不善，比如……"
- 时间: 2026-03-16 13:07:27

## 修改 3
- 文件: ch092-draft.md
- 行号: 392
- 原文: 她指着纸上的数字，一条条地分析起来。
- 替换: 她指着纸上的数字，一条条地思量起来。
- 时间: 2026-03-16 13:07:27

## 修改 4
- 文件: ch092-draft.md
- 行号: 394
- 原文: 周老板听着她的分析，眼睛越瞪越大。
- 替换: 周老板听着她的思量，眼睛越瞪越大。
- 时间: 2026-03-16 13:07:27

## 修改 5
- 文件: ch098-draft.md
- 行号: 283
- 原文: "是，"贾琏点点头，"人太多了，目标太大。咱们分头走，各自寻出路，或许还能有一线生机。"
- 替换: "是，"贾琏点点头，"人太多了，行迹太大。咱们分头走，各自寻出路，或许还能有一线生机。"
- 时间: 2026-03-16 13:07:27

## 修改 6
- 文件: ch100-draft.md
- 行号: 18
- 原文: 刘姥姥冷笑一声："有钱有势？那也得看是什么钱什么势。他们买个童养媳，本就是违法的事。况且那巧姐儿好歹是荣国府的正牌小姐，虽则如今家败了，可骨血里流的是大家子的血。咱们这次来，就是要替她讨个公道。"
- 替换: 刘姥姥冷笑一声："有钱有势？那也得看是什么钱什么势。他们买个童养媳，本就是触犯律法的事。况且那巧姐儿好歹是荣国府的正牌小姐，虽则如今家败了，可骨血里流的是大家子的血。咱们这次来，就是要替她讨个公道。"
- 时间: 2026-03-16 13:07:27

## 修改 7
- 文件: ch108-draft.md
- 行号: 15
- 原文: 然而命运弄人。贾桂寒窗苦读十余载，屡试不第。第一次应试，他文章虽有见地，却因不合考官口味而落榜；第二次应试，他母亲新丧，心绪不宁，临场发挥失常；第三次应试，他家中已无力支撑，连赴京的路费都是借贷而来，压力之下，竟染了风寒，考试时咳嗽不止，文章草草了事。
- 替换: 然而命运弄人。贾桂寒窗苦读十余载，屡试不第。第一次应试，他文章虽有见地，却因不合考官口味而落榜；第二次应试，他母亲新丧，心绪不宁，临场发挥失常；第三次应试，他家中已无力支撑，连赴京的路费都是借贷而来，重压之下，竟染了风寒，考试时咳嗽不止，文章草草了事。
- 时间: 2026-03-16 13:07:27

